<?xml version="1.0" encoding="UTF-8"?>
<!-- Generated by org.testng.reporters.JUnitReportReporter -->
<testsuite skipped="2" hostname="OSIT-L-0463" name="com.omayo.hybrid.testcases.GmailLogin" tests="3" failures="0" timestamp="02 Apr 2017 03:32:48 GMT" time="27.634" errors="0">
  <testcase name="doLogin" time="0.002" classname="com.omayo.hybrid.testcases.GmailLogin">
    <skipped/>
  </testcase> <!-- doLogin -->
  <testcase name="doLogin" time="0.003" classname="com.omayo.hybrid.testcases.GmailLogin">
    <skipped/>
  </testcase> <!-- doLogin -->
  <testcase name="doLogin" time="27.629" classname="com.omayo.hybrid.testcases.GmailLogin"/>
</testsuite> <!-- com.omayo.hybrid.testcases.GmailLogin -->
